[0.006s] Invoking command in '/home/xkzhai/LearnRos2/chap02/chap02_ws/build/demo_cpp_pkg': CMAKE_PREFIX_PATH=${CMAKE_PREFIX_PATH}:/home/xkzhai/LearnRos2/chap02/chap02_ws/install/demo_python_pkg:/opt/ros/humble /usr/bin/cmake --build /home/xkzhai/LearnRos2/chap02/chap02_ws/build/demo_cpp_pkg -- -j24 -l24
[0.033s] [35m[1mConsolidate compiler generated dependencies of target learn_function[0m
[0.036s] [ 16%] Built target learn_lambda
[0.037s] [ 41%] Built target person_node
[0.037s] [ 50%] Built target learn_shared
[0.038s] [ 58%] [32mBuilding CXX object CMakeFiles/learn_function.dir/src/learn_function.cpp.o[0m
[0.039s] [ 75%] Built target learn_auto
[0.040s] [ 91%] Built target cpp_node
[0.181s] In file included from [01m[K/home/xkzhai/LearnRos2/chap02/chap02_ws/src/demo_cpp_pkg/src/learn_function.cpp:5[m[K:
[0.181s] /usr/include/c++/11/functional: In instantiation of ‚Äò[01m[Kstruct std::_Bind_check_arity<void (FileSave::*)(const std::__cxx11::basic_string<char>&), FileSave*>[m[K‚Äô:
[0.181s] [01m[K/usr/include/c++/11/functional:768:12:[m[K   required from ‚Äò[01m[Kstruct std::_Bind_helper<false, void (FileSave::*)(const std::__cxx11::basic_string<char>&), FileSave*>[m[K‚Äô
[0.181s] [01m[K/usr/include/c++/11/functional:789:5:[m[K   required by substitution of ‚Äò[01m[Ktemplate<class _Func, class ... _BoundArgs> typename std::_Bind_helper<std::__is_socketlike<_Func>::value, _Func, _BoundArgs ...>::type std::bind(_Func&&, _BoundArgs&& ...) [with _Func = void (FileSave::*)(const std::__cxx11::basic_string<char>&); _BoundArgs = {FileSave*}][m[K‚Äô
[0.182s] [01m[K/home/xkzhai/LearnRos2/chap02/chap02_ws/src/demo_cpp_pkg/src/learn_function.cpp:38:63:[m[K   required from here
[0.182s] [01m[K/usr/include/c++/11/functional:756:21:[m[K [01;31m[Kerror: [m[Kstatic assertion failed: Wrong number of arguments for pointer-to-member
[0.182s]   755 |       static_assert(_Varargs::[01;31m[Kvalue[m[K
[0.182s]       |                               [01;31m[K~~~~~[m[K
[0.182s]   756 | [01;31m[K                    ? sizeof...(_BoundArgs) >= _Arity::value + 1[m[K
[0.182s]       |                     [01;31m[K^~~~~~~~~~~~~~~~~~~~~~~~~~~~~~~~~~~~~~~~~~~~[m[K
[0.182s]   757 | [01;31m[K                    : sizeof...(_BoundArgs) == _Arity::value + 1[m[K,
[0.182s]       |                     [01;31m[K~~~~~~~~~~~~~~~~~~~~~~~~~~~~~~~~~~~~~~~~~~~~[m[K
[0.182s] [01m[K/usr/include/c++/11/functional:756:21:[m[K [01;36m[Knote: [m[K‚Äò[01m[K(false ? (1 >= (((long unsigned int)std::integral_constant<long unsigned int, 1>::value) + 1)) : (1 == (((long unsigned int)std::integral_constant<long unsigned int, 1>::value) + 1)))[m[K‚Äô evaluates to false
[0.184s] [01m[K/home/xkzhai/LearnRos2/chap02/chap02_ws/src/demo_cpp_pkg/src/learn_function.cpp:[m[K In function ‚Äò[01m[Kint main()[m[K‚Äô:
[0.184s] [01m[K/home/xkzhai/LearnRos2/chap02/chap02_ws/src/demo_cpp_pkg/src/learn_function.cpp:38:63:[m[K [01;31m[Kerror: [m[Kconversion from ‚Äò[01m[Kstd::_Bind_helper<false, void (FileSave::*)(const std::__cxx11::basic_string<char>&), FileSave*>::type[m[K‚Äô to non-scalar type ‚Äò[01m[Kstd::function<void(const std::__cxx11::basic_string<char>&)>[m[K‚Äô requested
[0.184s]    38 |     std::function<void(const std::string &)> save3 = [01;31m[Kstd::bind(&FileSave::save_with_member_fun,&file_save)[m[K; // ‰ΩøÁî®std::bind()Â∞ÜÊàêÂëòÂáΩÊï∞ÂèòÊàêstd::functionÂØπË±°
[0.184s]       |                                                      [01;31m[K~~~~~~~~~^~~~~~~~~~~~~~~~~~~~~~~~~~~~~~~~~~~~~~~~~~~~[m[K
[0.202s] gmake[2]: *** [CMakeFiles/learn_function.dir/build.make:76: CMakeFiles/learn_function.dir/src/learn_function.cpp.o] Error 1
[0.203s] gmake[1]: *** [CMakeFiles/Makefile2:277: CMakeFiles/learn_function.dir/all] Error 2
[0.203s] gmake: *** [Makefile:146: all] Error 2
[0.204s] Invoked command in '/home/xkzhai/LearnRos2/chap02/chap02_ws/build/demo_cpp_pkg' returned '2': CMAKE_PREFIX_PATH=${CMAKE_PREFIX_PATH}:/home/xkzhai/LearnRos2/chap02/chap02_ws/install/demo_python_pkg:/opt/ros/humble /usr/bin/cmake --build /home/xkzhai/LearnRos2/chap02/chap02_ws/build/demo_cpp_pkg -- -j24 -l24
